  [1m[35m (1.2ms)[0m  [1m[34mSELECT sqlite_version(*)[0m
  [1m[35m (0.0ms)[0m  [1m[35mDROP TABLE IF EXISTS "users"[0m
  [1m[35m (0.2ms)[0m  [1m[35mCREATE TABLE "users" ("id" integer PRIMARY KEY AUTOINCREMENT NOT NULL, "email" varchar NOT NULL, "firstname" varchar NOT NULL, "lastname" varchar NOT NULL, "created_at" datetime(6) NOT NULL, "updated_at" datetime(6) NOT NULL)[0m
  [1m[35m (0.0ms)[0m  [1m[35mDROP TABLE IF EXISTS "portunus_data_encryption_keys"[0m
  [1m[35m (0.1ms)[0m  [1m[35mCREATE TABLE "portunus_data_encryption_keys" ("id" integer PRIMARY KEY AUTOINCREMENT NOT NULL, "encrypted_key" varchar NOT NULL, "master_keyname" varchar NOT NULL, "encryptable_type" varchar NOT NULL, "encryptable_id" integer NOT NULL, "created_at" datetime(6) NOT NULL, "updated_at" datetime(6) NOT NULL, "last_dek_rotation" datetime(6), "last_kek_rotation" datetime(6))[0m
  [1m[35m (0.1ms)[0m  [1m[35mCREATE UNIQUE INDEX "portunus_dek_on_encryptable_id_and_encryptable_type" ON "portunus_data_encryption_keys" ("encryptable_id", "encryptable_type")[0m
  [1m[35m (0.2ms)[0m  [1m[35mCREATE TABLE "ar_internal_metadata" ("key" varchar NOT NULL PRIMARY KEY, "value" varchar, "created_at" datetime(6) NOT NULL, "updated_at" datetime(6) NOT NULL)[0m
  [1m[36mActiveRecord::InternalMetadata Load (0.1ms)[0m  [1m[34mSELECT "ar_internal_metadata".* FROM "ar_internal_metadata" WHERE "ar_internal_metadata"."key" = ? LIMIT ?[0m  [["key", "environment"], ["LIMIT", 1]]
  [1m[35m (0.0ms)[0m  [1m[36mbegin transaction[0m
  [1m[36mActiveRecord::InternalMetadata Create (0.1ms)[0m  [1m[32mINSERT INTO "ar_internal_metadata" ("key", "value", "created_at", "updated_at") VALUES (?, ?, ?, ?)[0m  [["key", "environment"], ["value", "development"], ["created_at", "2020-03-10 11:31:41.641845"], ["updated_at", "2020-03-10 11:31:41.641845"]]
  [1m[35m (0.0ms)[0m  [1m[36mcommit transaction[0m
  [1m[35m (0.7ms)[0m  [1m[34mSELECT sqlite_version(*)[0m
  [1m[35m (0.0ms)[0m  [1m[35mDROP TABLE IF EXISTS "users"[0m
  [1m[35m (0.2ms)[0m  [1m[35mCREATE TABLE "users" ("id" integer PRIMARY KEY AUTOINCREMENT NOT NULL, "email" varchar NOT NULL, "firstname" varchar NOT NULL, "lastname" varchar NOT NULL, "created_at" datetime(6) NOT NULL, "updated_at" datetime(6) NOT NULL)[0m
  [1m[35m (0.0ms)[0m  [1m[35mDROP TABLE IF EXISTS "portunus_data_encryption_keys"[0m
  [1m[35m (0.1ms)[0m  [1m[35mCREATE TABLE "portunus_data_encryption_keys" ("id" integer PRIMARY KEY AUTOINCREMENT NOT NULL, "encrypted_key" varchar NOT NULL, "master_keyname" varchar NOT NULL, "encryptable_type" varchar NOT NULL, "encryptable_id" integer NOT NULL, "created_at" datetime(6) NOT NULL, "updated_at" datetime(6) NOT NULL, "last_dek_rotation" datetime(6), "last_kek_rotation" datetime(6))[0m
  [1m[35m (0.1ms)[0m  [1m[35mCREATE UNIQUE INDEX "portunus_dek_on_encryptable_id_and_encryptable_type" ON "portunus_data_encryption_keys" ("encryptable_id", "encryptable_type")[0m
  [1m[35m (0.1ms)[0m  [1m[35mCREATE TABLE "ar_internal_metadata" ("key" varchar NOT NULL PRIMARY KEY, "value" varchar, "created_at" datetime(6) NOT NULL, "updated_at" datetime(6) NOT NULL)[0m
  [1m[36mActiveRecord::InternalMetadata Load (0.1ms)[0m  [1m[34mSELECT "ar_internal_metadata".* FROM "ar_internal_metadata" WHERE "ar_internal_metadata"."key" = ? LIMIT ?[0m  [["key", "environment"], ["LIMIT", 1]]
  [1m[35m (0.0ms)[0m  [1m[36mbegin transaction[0m
  [1m[36mActiveRecord::InternalMetadata Create (0.1ms)[0m  [1m[32mINSERT INTO "ar_internal_metadata" ("key", "value", "created_at", "updated_at") VALUES (?, ?, ?, ?)[0m  [["key", "environment"], ["value", "development"], ["created_at", "2020-03-10 11:33:40.409755"], ["updated_at", "2020-03-10 11:33:40.409755"]]
  [1m[35m (0.0ms)[0m  [1m[36mcommit transaction[0m
  [1m[35m (0.9ms)[0m  [1m[34mSELECT sqlite_version(*)[0m
  [1m[35m (0.0ms)[0m  [1m[35mDROP TABLE IF EXISTS "users"[0m
  [1m[35m (0.2ms)[0m  [1m[35mCREATE TABLE "users" ("id" integer PRIMARY KEY AUTOINCREMENT NOT NULL, "email" varchar NOT NULL, "firstname" varchar NOT NULL, "lastname" varchar NOT NULL, "created_at" datetime(6) NOT NULL, "updated_at" datetime(6) NOT NULL)[0m
  [1m[35m (0.0ms)[0m  [1m[35mDROP TABLE IF EXISTS "portunus_data_encryption_keys"[0m
  [1m[35m (0.1ms)[0m  [1m[35mCREATE TABLE "portunus_data_encryption_keys" ("id" integer PRIMARY KEY AUTOINCREMENT NOT NULL, "encrypted_key" varchar NOT NULL, "master_keyname" varchar NOT NULL, "encryptable_type" varchar NOT NULL, "encryptable_id" integer NOT NULL, "created_at" datetime(6) NOT NULL, "updated_at" datetime(6) NOT NULL, "last_dek_rotation" datetime(6), "last_kek_rotation" datetime(6))[0m
  [1m[35m (0.1ms)[0m  [1m[35mCREATE UNIQUE INDEX "portunus_dek_on_encryptable_id_and_encryptable_type" ON "portunus_data_encryption_keys" ("encryptable_id", "encryptable_type")[0m
  [1m[35m (0.1ms)[0m  [1m[35mCREATE TABLE "ar_internal_metadata" ("key" varchar NOT NULL PRIMARY KEY, "value" varchar, "created_at" datetime(6) NOT NULL, "updated_at" datetime(6) NOT NULL)[0m
  [1m[36mActiveRecord::InternalMetadata Load (0.1ms)[0m  [1m[34mSELECT "ar_internal_metadata".* FROM "ar_internal_metadata" WHERE "ar_internal_metadata"."key" = ? LIMIT ?[0m  [["key", "environment"], ["LIMIT", 1]]
  [1m[35m (0.0ms)[0m  [1m[36mbegin transaction[0m
  [1m[36mActiveRecord::InternalMetadata Create (0.1ms)[0m  [1m[32mINSERT INTO "ar_internal_metadata" ("key", "value", "created_at", "updated_at") VALUES (?, ?, ?, ?)[0m  [["key", "environment"], ["value", "development"], ["created_at", "2020-03-10 11:34:21.115775"], ["updated_at", "2020-03-10 11:34:21.115775"]]
  [1m[35m (0.0ms)[0m  [1m[36mcommit transaction[0m
  [1m[35m (1.0ms)[0m  [1m[34mSELECT sqlite_version(*)[0m
  [1m[35m (0.0ms)[0m  [1m[35mDROP TABLE IF EXISTS "users"[0m
  [1m[35m (0.2ms)[0m  [1m[35mCREATE TABLE "users" ("id" integer PRIMARY KEY AUTOINCREMENT NOT NULL, "email" varchar NOT NULL, "firstname" varchar NOT NULL, "lastname" varchar NOT NULL, "created_at" datetime(6) NOT NULL, "updated_at" datetime(6) NOT NULL)[0m
  [1m[35m (0.0ms)[0m  [1m[35mDROP TABLE IF EXISTS "portunus_data_encryption_keys"[0m
  [1m[35m (0.1ms)[0m  [1m[35mCREATE TABLE "portunus_data_encryption_keys" ("id" integer PRIMARY KEY AUTOINCREMENT NOT NULL, "encrypted_key" varchar NOT NULL, "master_keyname" varchar NOT NULL, "encryptable_type" varchar NOT NULL, "encryptable_id" integer NOT NULL, "created_at" datetime(6) NOT NULL, "updated_at" datetime(6) NOT NULL, "last_dek_rotation" datetime(6), "last_kek_rotation" datetime(6))[0m
  [1m[35m (0.1ms)[0m  [1m[35mCREATE UNIQUE INDEX "portunus_dek_on_encryptable_id_and_encryptable_type" ON "portunus_data_encryption_keys" ("encryptable_id", "encryptable_type")[0m
  [1m[35m (0.1ms)[0m  [1m[35mCREATE TABLE "ar_internal_metadata" ("key" varchar NOT NULL PRIMARY KEY, "value" varchar, "created_at" datetime(6) NOT NULL, "updated_at" datetime(6) NOT NULL)[0m
  [1m[36mActiveRecord::InternalMetadata Load (0.1ms)[0m  [1m[34mSELECT "ar_internal_metadata".* FROM "ar_internal_metadata" WHERE "ar_internal_metadata"."key" = ? LIMIT ?[0m  [["key", "environment"], ["LIMIT", 1]]
  [1m[35m (0.0ms)[0m  [1m[36mbegin transaction[0m
  [1m[36mActiveRecord::InternalMetadata Create (0.1ms)[0m  [1m[32mINSERT INTO "ar_internal_metadata" ("key", "value", "created_at", "updated_at") VALUES (?, ?, ?, ?)[0m  [["key", "environment"], ["value", "development"], ["created_at", "2020-03-11 06:29:52.920398"], ["updated_at", "2020-03-11 06:29:52.920398"]]
  [1m[35m (0.0ms)[0m  [1m[36mcommit transaction[0m
  [1m[35m (1.0ms)[0m  [1m[34mSELECT sqlite_version(*)[0m
  [1m[35m (0.0ms)[0m  [1m[35mDROP TABLE IF EXISTS "users"[0m
  [1m[35m (0.2ms)[0m  [1m[35mCREATE TABLE "users" ("id" integer PRIMARY KEY AUTOINCREMENT NOT NULL, "email" varchar NOT NULL, "firstname" varchar NOT NULL, "lastname" varchar NOT NULL, "created_at" datetime(6) NOT NULL, "updated_at" datetime(6) NOT NULL)[0m
  [1m[35m (0.0ms)[0m  [1m[35mDROP TABLE IF EXISTS "portunus_data_encryption_keys"[0m
  [1m[35m (0.1ms)[0m  [1m[35mCREATE TABLE "portunus_data_encryption_keys" ("id" integer PRIMARY KEY AUTOINCREMENT NOT NULL, "encrypted_key" varchar NOT NULL, "master_keyname" varchar NOT NULL, "encryptable_type" varchar NOT NULL, "encryptable_id" integer NOT NULL, "created_at" datetime(6) NOT NULL, "updated_at" datetime(6) NOT NULL, "last_dek_rotation" datetime(6), "last_kek_rotation" datetime(6))[0m
  [1m[35m (0.1ms)[0m  [1m[35mCREATE UNIQUE INDEX "portunus_dek_on_encryptable_id_and_encryptable_type" ON "portunus_data_encryption_keys" ("encryptable_id", "encryptable_type")[0m
  [1m[35m (0.1ms)[0m  [1m[35mCREATE TABLE "ar_internal_metadata" ("key" varchar NOT NULL PRIMARY KEY, "value" varchar, "created_at" datetime(6) NOT NULL, "updated_at" datetime(6) NOT NULL)[0m
  [1m[36mActiveRecord::InternalMetadata Load (0.2ms)[0m  [1m[34mSELECT "ar_internal_metadata".* FROM "ar_internal_metadata" WHERE "ar_internal_metadata"."key" = ? LIMIT ?[0m  [["key", "environment"], ["LIMIT", 1]]
  [1m[35m (0.1ms)[0m  [1m[36mbegin transaction[0m
  [1m[36mActiveRecord::InternalMetadata Create (0.1ms)[0m  [1m[32mINSERT INTO "ar_internal_metadata" ("key", "value", "created_at", "updated_at") VALUES (?, ?, ?, ?)[0m  [["key", "environment"], ["value", "development"], ["created_at", "2020-03-11 06:54:59.828392"], ["updated_at", "2020-03-11 06:54:59.828392"]]
  [1m[35m (0.0ms)[0m  [1m[36mcommit transaction[0m
  [1m[35m (1.0ms)[0m  [1m[34mSELECT sqlite_version(*)[0m
  [1m[35m (0.0ms)[0m  [1m[35mDROP TABLE IF EXISTS "users"[0m
  [1m[35m (0.2ms)[0m  [1m[35mCREATE TABLE "users" ("id" integer PRIMARY KEY AUTOINCREMENT NOT NULL, "email" varchar NOT NULL, "firstname" varchar NOT NULL, "lastname" varchar NOT NULL, "created_at" datetime(6) NOT NULL, "updated_at" datetime(6) NOT NULL)[0m
  [1m[35m (0.0ms)[0m  [1m[35mDROP TABLE IF EXISTS "portunus_data_encryption_keys"[0m
  [1m[35m (0.1ms)[0m  [1m[35mCREATE TABLE "portunus_data_encryption_keys" ("id" integer PRIMARY KEY AUTOINCREMENT NOT NULL, "encrypted_key" varchar NOT NULL, "master_keyname" varchar NOT NULL, "encryptable_type" varchar NOT NULL, "encryptable_id" integer NOT NULL, "created_at" datetime(6) NOT NULL, "updated_at" datetime(6) NOT NULL, "last_dek_rotation" datetime(6), "last_kek_rotation" datetime(6))[0m
  [1m[35m (0.1ms)[0m  [1m[35mCREATE UNIQUE INDEX "portunus_dek_on_encryptable_id_and_encryptable_type" ON "portunus_data_encryption_keys" ("encryptable_id", "encryptable_type")[0m
  [1m[35m (0.2ms)[0m  [1m[35mCREATE TABLE "ar_internal_metadata" ("key" varchar NOT NULL PRIMARY KEY, "value" varchar, "created_at" datetime(6) NOT NULL, "updated_at" datetime(6) NOT NULL)[0m
  [1m[36mActiveRecord::InternalMetadata Load (0.2ms)[0m  [1m[34mSELECT "ar_internal_metadata".* FROM "ar_internal_metadata" WHERE "ar_internal_metadata"."key" = ? LIMIT ?[0m  [["key", "environment"], ["LIMIT", 1]]
  [1m[35m (0.0ms)[0m  [1m[36mbegin transaction[0m
  [1m[36mActiveRecord::InternalMetadata Create (0.1ms)[0m  [1m[32mINSERT INTO "ar_internal_metadata" ("key", "value", "created_at", "updated_at") VALUES (?, ?, ?, ?)[0m  [["key", "environment"], ["value", "development"], ["created_at", "2020-03-11 06:55:45.604815"], ["updated_at", "2020-03-11 06:55:45.604815"]]
  [1m[35m (0.0ms)[0m  [1m[36mcommit transaction[0m
  [1m[35m (1.0ms)[0m  [1m[34mSELECT sqlite_version(*)[0m
  [1m[35m (0.0ms)[0m  [1m[35mDROP TABLE IF EXISTS "users"[0m
  [1m[35m (0.2ms)[0m  [1m[35mCREATE TABLE "users" ("id" integer PRIMARY KEY AUTOINCREMENT NOT NULL, "email" varchar NOT NULL, "firstname" varchar NOT NULL, "lastname" varchar NOT NULL, "created_at" datetime(6) NOT NULL, "updated_at" datetime(6) NOT NULL)[0m
  [1m[35m (0.0ms)[0m  [1m[35mDROP TABLE IF EXISTS "portunus_data_encryption_keys"[0m
  [1m[35m (0.1ms)[0m  [1m[35mCREATE TABLE "portunus_data_encryption_keys" ("id" integer PRIMARY KEY AUTOINCREMENT NOT NULL, "encrypted_key" varchar NOT NULL, "master_keyname" varchar NOT NULL, "encryptable_type" varchar NOT NULL, "encryptable_id" integer NOT NULL, "created_at" datetime(6) NOT NULL, "updated_at" datetime(6) NOT NULL, "last_dek_rotation" datetime(6), "last_kek_rotation" datetime(6))[0m
  [1m[35m (0.1ms)[0m  [1m[35mCREATE UNIQUE INDEX "portunus_dek_on_encryptable_id_and_encryptable_type" ON "portunus_data_encryption_keys" ("encryptable_id", "encryptable_type")[0m
  [1m[35m (0.1ms)[0m  [1m[35mCREATE TABLE "ar_internal_metadata" ("key" varchar NOT NULL PRIMARY KEY, "value" varchar, "created_at" datetime(6) NOT NULL, "updated_at" datetime(6) NOT NULL)[0m
  [1m[36mActiveRecord::InternalMetadata Load (0.1ms)[0m  [1m[34mSELECT "ar_internal_metadata".* FROM "ar_internal_metadata" WHERE "ar_internal_metadata"."key" = ? LIMIT ?[0m  [["key", "environment"], ["LIMIT", 1]]
  [1m[35m (0.0ms)[0m  [1m[36mbegin transaction[0m
  [1m[36mActiveRecord::InternalMetadata Create (0.1ms)[0m  [1m[32mINSERT INTO "ar_internal_metadata" ("key", "value", "created_at", "updated_at") VALUES (?, ?, ?, ?)[0m  [["key", "environment"], ["value", "development"], ["created_at", "2020-03-11 07:05:18.356931"], ["updated_at", "2020-03-11 07:05:18.356931"]]
  [1m[35m (0.0ms)[0m  [1m[36mcommit transaction[0m
  [1m[35m (0.7ms)[0m  [1m[34mSELECT sqlite_version(*)[0m
  [1m[35m (0.0ms)[0m  [1m[35mDROP TABLE IF EXISTS "users"[0m
  [1m[35m (0.2ms)[0m  [1m[35mCREATE TABLE "users" ("id" integer PRIMARY KEY AUTOINCREMENT NOT NULL, "email" varchar NOT NULL, "firstname" varchar NOT NULL, "lastname" varchar NOT NULL, "created_at" datetime(6) NOT NULL, "updated_at" datetime(6) NOT NULL)[0m
  [1m[35m (0.1ms)[0m  [1m[35mDROP TABLE IF EXISTS "portunus_data_encryption_keys"[0m
  [1m[35m (0.1ms)[0m  [1m[35mCREATE TABLE "portunus_data_encryption_keys" ("id" integer PRIMARY KEY AUTOINCREMENT NOT NULL, "encrypted_key" varchar NOT NULL, "master_keyname" varchar NOT NULL, "encryptable_type" varchar NOT NULL, "encryptable_id" integer NOT NULL, "created_at" datetime(6) NOT NULL, "updated_at" datetime(6) NOT NULL, "last_dek_rotation" datetime(6), "last_kek_rotation" datetime(6))[0m
  [1m[35m (0.1ms)[0m  [1m[35mCREATE UNIQUE INDEX "portunus_dek_on_encryptable_id_and_encryptable_type" ON "portunus_data_encryption_keys" ("encryptable_id", "encryptable_type")[0m
  [1m[35m (0.1ms)[0m  [1m[35mCREATE TABLE "ar_internal_metadata" ("key" varchar NOT NULL PRIMARY KEY, "value" varchar, "created_at" datetime(6) NOT NULL, "updated_at" datetime(6) NOT NULL)[0m
  [1m[36mActiveRecord::InternalMetadata Load (0.1ms)[0m  [1m[34mSELECT "ar_internal_metadata".* FROM "ar_internal_metadata" WHERE "ar_internal_metadata"."key" = ? LIMIT ?[0m  [["key", "environment"], ["LIMIT", 1]]
  [1m[35m (0.0ms)[0m  [1m[36mbegin transaction[0m
  [1m[36mActiveRecord::InternalMetadata Create (0.1ms)[0m  [1m[32mINSERT INTO "ar_internal_metadata" ("key", "value", "created_at", "updated_at") VALUES (?, ?, ?, ?)[0m  [["key", "environment"], ["value", "development"], ["created_at", "2020-03-11 07:10:22.229852"], ["updated_at", "2020-03-11 07:10:22.229852"]]
  [1m[35m (0.0ms)[0m  [1m[36mcommit transaction[0m
  [1m[35m (0.8ms)[0m  [1m[34mSELECT sqlite_version(*)[0m
  [1m[35m (0.0ms)[0m  [1m[35mDROP TABLE IF EXISTS "users"[0m
  [1m[35m (0.2ms)[0m  [1m[35mCREATE TABLE "users" ("id" integer PRIMARY KEY AUTOINCREMENT NOT NULL, "email" varchar NOT NULL, "firstname" varchar NOT NULL, "lastname" varchar NOT NULL, "created_at" datetime(6) NOT NULL, "updated_at" datetime(6) NOT NULL)[0m
  [1m[35m (0.0ms)[0m  [1m[35mDROP TABLE IF EXISTS "portunus_data_encryption_keys"[0m
  [1m[35m (0.1ms)[0m  [1m[35mCREATE TABLE "portunus_data_encryption_keys" ("id" integer PRIMARY KEY AUTOINCREMENT NOT NULL, "encrypted_key" varchar NOT NULL, "master_keyname" varchar NOT NULL, "encryptable_type" varchar NOT NULL, "encryptable_id" integer NOT NULL, "created_at" datetime(6) NOT NULL, "updated_at" datetime(6) NOT NULL, "last_dek_rotation" datetime(6), "last_kek_rotation" datetime(6))[0m
  [1m[35m (0.1ms)[0m  [1m[35mCREATE UNIQUE INDEX "portunus_dek_on_encryptable_id_and_encryptable_type" ON "portunus_data_encryption_keys" ("encryptable_id", "encryptable_type")[0m
  [1m[35m (0.1ms)[0m  [1m[35mCREATE TABLE "ar_internal_metadata" ("key" varchar NOT NULL PRIMARY KEY, "value" varchar, "created_at" datetime(6) NOT NULL, "updated_at" datetime(6) NOT NULL)[0m
  [1m[36mActiveRecord::InternalMetadata Load (0.1ms)[0m  [1m[34mSELECT "ar_internal_metadata".* FROM "ar_internal_metadata" WHERE "ar_internal_metadata"."key" = ? LIMIT ?[0m  [["key", "environment"], ["LIMIT", 1]]
  [1m[35m (0.1ms)[0m  [1m[36mbegin transaction[0m
  [1m[36mActiveRecord::InternalMetadata Create (0.1ms)[0m  [1m[32mINSERT INTO "ar_internal_metadata" ("key", "value", "created_at", "updated_at") VALUES (?, ?, ?, ?)[0m  [["key", "environment"], ["value", "development"], ["created_at", "2020-03-11 07:13:54.824157"], ["updated_at", "2020-03-11 07:13:54.824157"]]
  [1m[35m (0.0ms)[0m  [1m[36mcommit transaction[0m
  [1m[35m (0.8ms)[0m  [1m[34mSELECT sqlite_version(*)[0m
  [1m[35m (0.0ms)[0m  [1m[35mDROP TABLE IF EXISTS "users"[0m
  [1m[35m (0.2ms)[0m  [1m[35mCREATE TABLE "users" ("id" integer PRIMARY KEY AUTOINCREMENT NOT NULL, "email" varchar NOT NULL, "firstname" varchar NOT NULL, "lastname" varchar NOT NULL, "created_at" datetime(6) NOT NULL, "updated_at" datetime(6) NOT NULL)[0m
  [1m[35m (0.0ms)[0m  [1m[35mDROP TABLE IF EXISTS "portunus_data_encryption_keys"[0m
  [1m[35m (0.1ms)[0m  [1m[35mCREATE TABLE "portunus_data_encryption_keys" ("id" integer PRIMARY KEY AUTOINCREMENT NOT NULL, "encrypted_key" varchar NOT NULL, "master_keyname" varchar NOT NULL, "encryptable_type" varchar NOT NULL, "encryptable_id" integer NOT NULL, "created_at" datetime(6) NOT NULL, "updated_at" datetime(6) NOT NULL, "last_dek_rotation" datetime(6), "last_kek_rotation" datetime(6))[0m
  [1m[35m (0.1ms)[0m  [1m[35mCREATE UNIQUE INDEX "portunus_dek_on_encryptable_id_and_encryptable_type" ON "portunus_data_encryption_keys" ("encryptable_id", "encryptable_type")[0m
  [1m[35m (0.1ms)[0m  [1m[35mCREATE TABLE "ar_internal_metadata" ("key" varchar NOT NULL PRIMARY KEY, "value" varchar, "created_at" datetime(6) NOT NULL, "updated_at" datetime(6) NOT NULL)[0m
  [1m[36mActiveRecord::InternalMetadata Load (0.1ms)[0m  [1m[34mSELECT "ar_internal_metadata".* FROM "ar_internal_metadata" WHERE "ar_internal_metadata"."key" = ? LIMIT ?[0m  [["key", "environment"], ["LIMIT", 1]]
  [1m[35m (0.1ms)[0m  [1m[36mbegin transaction[0m
  [1m[36mActiveRecord::InternalMetadata Create (0.1ms)[0m  [1m[32mINSERT INTO "ar_internal_metadata" ("key", "value", "created_at", "updated_at") VALUES (?, ?, ?, ?)[0m  [["key", "environment"], ["value", "development"], ["created_at", "2020-03-11 07:15:22.552286"], ["updated_at", "2020-03-11 07:15:22.552286"]]
  [1m[35m (0.0ms)[0m  [1m[36mcommit transaction[0m
  [1m[35m (0.8ms)[0m  [1m[34mSELECT sqlite_version(*)[0m
  [1m[35m (0.0ms)[0m  [1m[35mDROP TABLE IF EXISTS "users"[0m
  [1m[35m (0.2ms)[0m  [1m[35mCREATE TABLE "users" ("id" integer PRIMARY KEY AUTOINCREMENT NOT NULL, "email" varchar NOT NULL, "firstname" varchar NOT NULL, "lastname" varchar NOT NULL, "created_at" datetime(6) NOT NULL, "updated_at" datetime(6) NOT NULL)[0m
  [1m[35m (0.0ms)[0m  [1m[35mDROP TABLE IF EXISTS "portunus_data_encryption_keys"[0m
  [1m[35m (0.1ms)[0m  [1m[35mCREATE TABLE "portunus_data_encryption_keys" ("id" integer PRIMARY KEY AUTOINCREMENT NOT NULL, "encrypted_key" varchar NOT NULL, "master_keyname" varchar NOT NULL, "encryptable_type" varchar NOT NULL, "encryptable_id" integer NOT NULL, "created_at" datetime(6) NOT NULL, "updated_at" datetime(6) NOT NULL, "last_dek_rotation" datetime(6), "last_kek_rotation" datetime(6))[0m
  [1m[35m (0.1ms)[0m  [1m[35mCREATE UNIQUE INDEX "portunus_dek_on_encryptable_id_and_encryptable_type" ON "portunus_data_encryption_keys" ("encryptable_id", "encryptable_type")[0m
  [1m[35m (0.1ms)[0m  [1m[35mCREATE TABLE "ar_internal_metadata" ("key" varchar NOT NULL PRIMARY KEY, "value" varchar, "created_at" datetime(6) NOT NULL, "updated_at" datetime(6) NOT NULL)[0m
  [1m[36mActiveRecord::InternalMetadata Load (0.1ms)[0m  [1m[34mSELECT "ar_internal_metadata".* FROM "ar_internal_metadata" WHERE "ar_internal_metadata"."key" = ? LIMIT ?[0m  [["key", "environment"], ["LIMIT", 1]]
  [1m[35m (0.0ms)[0m  [1m[36mbegin transaction[0m
  [1m[36mActiveRecord::InternalMetadata Create (0.1ms)[0m  [1m[32mINSERT INTO "ar_internal_metadata" ("key", "value", "created_at", "updated_at") VALUES (?, ?, ?, ?)[0m  [["key", "environment"], ["value", "development"], ["created_at", "2020-03-11 07:16:23.120357"], ["updated_at", "2020-03-11 07:16:23.120357"]]
  [1m[35m (0.0ms)[0m  [1m[36mcommit transaction[0m
  [1m[35m (0.9ms)[0m  [1m[34mSELECT sqlite_version(*)[0m
  [1m[35m (0.0ms)[0m  [1m[35mDROP TABLE IF EXISTS "users"[0m
  [1m[35m (0.2ms)[0m  [1m[35mCREATE TABLE "users" ("id" integer PRIMARY KEY AUTOINCREMENT NOT NULL, "email" varchar NOT NULL, "firstname" varchar NOT NULL, "lastname" varchar NOT NULL, "created_at" datetime(6) NOT NULL, "updated_at" datetime(6) NOT NULL)[0m
  [1m[35m (0.0ms)[0m  [1m[35mDROP TABLE IF EXISTS "portunus_data_encryption_keys"[0m
  [1m[35m (0.1ms)[0m  [1m[35mCREATE TABLE "portunus_data_encryption_keys" ("id" integer PRIMARY KEY AUTOINCREMENT NOT NULL, "encrypted_key" varchar NOT NULL, "master_keyname" varchar NOT NULL, "encryptable_type" varchar NOT NULL, "encryptable_id" integer NOT NULL, "created_at" datetime(6) NOT NULL, "updated_at" datetime(6) NOT NULL, "last_dek_rotation" datetime(6), "last_kek_rotation" datetime(6))[0m
  [1m[35m (0.1ms)[0m  [1m[35mCREATE UNIQUE INDEX "portunus_dek_on_encryptable_id_and_encryptable_type" ON "portunus_data_encryption_keys" ("encryptable_id", "encryptable_type")[0m
  [1m[35m (0.1ms)[0m  [1m[35mCREATE TABLE "ar_internal_metadata" ("key" varchar NOT NULL PRIMARY KEY, "value" varchar, "created_at" datetime(6) NOT NULL, "updated_at" datetime(6) NOT NULL)[0m
  [1m[36mActiveRecord::InternalMetadata Load (0.2ms)[0m  [1m[34mSELECT "ar_internal_metadata".* FROM "ar_internal_metadata" WHERE "ar_internal_metadata"."key" = ? LIMIT ?[0m  [["key", "environment"], ["LIMIT", 1]]
  [1m[35m (0.1ms)[0m  [1m[36mbegin transaction[0m
  [1m[36mActiveRecord::InternalMetadata Create (0.1ms)[0m  [1m[32mINSERT INTO "ar_internal_metadata" ("key", "value", "created_at", "updated_at") VALUES (?, ?, ?, ?)[0m  [["key", "environment"], ["value", "development"], ["created_at", "2020-03-11 07:18:39.268238"], ["updated_at", "2020-03-11 07:18:39.268238"]]
  [1m[35m (0.0ms)[0m  [1m[36mcommit transaction[0m
  [1m[35m (0.8ms)[0m  [1m[34mSELECT sqlite_version(*)[0m
  [1m[35m (0.0ms)[0m  [1m[35mDROP TABLE IF EXISTS "users"[0m
  [1m[35m (0.2ms)[0m  [1m[35mCREATE TABLE "users" ("id" integer PRIMARY KEY AUTOINCREMENT NOT NULL, "email" varchar NOT NULL, "firstname" varchar NOT NULL, "lastname" varchar NOT NULL, "created_at" datetime(6) NOT NULL, "updated_at" datetime(6) NOT NULL)[0m
  [1m[35m (0.0ms)[0m  [1m[35mDROP TABLE IF EXISTS "portunus_data_encryption_keys"[0m
  [1m[35m (0.1ms)[0m  [1m[35mCREATE TABLE "portunus_data_encryption_keys" ("id" integer PRIMARY KEY AUTOINCREMENT NOT NULL, "encrypted_key" varchar NOT NULL, "master_keyname" varchar NOT NULL, "encryptable_type" varchar NOT NULL, "encryptable_id" integer NOT NULL, "created_at" datetime(6) NOT NULL, "updated_at" datetime(6) NOT NULL, "last_dek_rotation" datetime(6), "last_kek_rotation" datetime(6))[0m
  [1m[35m (0.1ms)[0m  [1m[35mCREATE UNIQUE INDEX "portunus_dek_on_encryptable_id_and_encryptable_type" ON "portunus_data_encryption_keys" ("encryptable_id", "encryptable_type")[0m
  [1m[35m (0.1ms)[0m  [1m[35mCREATE TABLE "ar_internal_metadata" ("key" varchar NOT NULL PRIMARY KEY, "value" varchar, "created_at" datetime(6) NOT NULL, "updated_at" datetime(6) NOT NULL)[0m
  [1m[36mActiveRecord::InternalMetadata Load (0.1ms)[0m  [1m[34mSELECT "ar_internal_metadata".* FROM "ar_internal_metadata" WHERE "ar_internal_metadata"."key" = ? LIMIT ?[0m  [["key", "environment"], ["LIMIT", 1]]
  [1m[35m (0.0ms)[0m  [1m[36mbegin transaction[0m
  [1m[36mActiveRecord::InternalMetadata Create (0.1ms)[0m  [1m[32mINSERT INTO "ar_internal_metadata" ("key", "value", "created_at", "updated_at") VALUES (?, ?, ?, ?)[0m  [["key", "environment"], ["value", "development"], ["created_at", "2020-03-11 07:19:33.899559"], ["updated_at", "2020-03-11 07:19:33.899559"]]
  [1m[35m (0.0ms)[0m  [1m[36mcommit transaction[0m
  [1m[35m (0.9ms)[0m  [1m[34mSELECT sqlite_version(*)[0m
  [1m[35m (0.0ms)[0m  [1m[35mDROP TABLE IF EXISTS "users"[0m
  [1m[35m (0.2ms)[0m  [1m[35mCREATE TABLE "users" ("id" integer PRIMARY KEY AUTOINCREMENT NOT NULL, "email" varchar NOT NULL, "firstname" varchar NOT NULL, "lastname" varchar NOT NULL, "created_at" datetime(6) NOT NULL, "updated_at" datetime(6) NOT NULL)[0m
  [1m[35m (0.0ms)[0m  [1m[35mDROP TABLE IF EXISTS "portunus_data_encryption_keys"[0m
  [1m[35m (0.1ms)[0m  [1m[35mCREATE TABLE "portunus_data_encryption_keys" ("id" integer PRIMARY KEY AUTOINCREMENT NOT NULL, "encrypted_key" varchar NOT NULL, "master_keyname" varchar NOT NULL, "encryptable_type" varchar NOT NULL, "encryptable_id" integer NOT NULL, "created_at" datetime(6) NOT NULL, "updated_at" datetime(6) NOT NULL, "last_dek_rotation" datetime(6), "last_kek_rotation" datetime(6))[0m
  [1m[35m (0.1ms)[0m  [1m[35mCREATE UNIQUE INDEX "portunus_dek_on_encryptable_id_and_encryptable_type" ON "portunus_data_encryption_keys" ("encryptable_id", "encryptable_type")[0m
  [1m[35m (0.1ms)[0m  [1m[35mCREATE TABLE "ar_internal_metadata" ("key" varchar NOT NULL PRIMARY KEY, "value" varchar, "created_at" datetime(6) NOT NULL, "updated_at" datetime(6) NOT NULL)[0m
  [1m[36mActiveRecord::InternalMetadata Load (0.1ms)[0m  [1m[34mSELECT "ar_internal_metadata".* FROM "ar_internal_metadata" WHERE "ar_internal_metadata"."key" = ? LIMIT ?[0m  [["key", "environment"], ["LIMIT", 1]]
  [1m[35m (0.0ms)[0m  [1m[36mbegin transaction[0m
  [1m[36mActiveRecord::InternalMetadata Create (0.1ms)[0m  [1m[32mINSERT INTO "ar_internal_metadata" ("key", "value", "created_at", "updated_at") VALUES (?, ?, ?, ?)[0m  [["key", "environment"], ["value", "development"], ["created_at", "2020-03-11 07:22:29.190996"], ["updated_at", "2020-03-11 07:22:29.190996"]]
  [1m[35m (0.0ms)[0m  [1m[36mcommit transaction[0m
  [1m[35m (0.9ms)[0m  [1m[34mSELECT sqlite_version(*)[0m
  [1m[35m (0.0ms)[0m  [1m[35mDROP TABLE IF EXISTS "users"[0m
  [1m[35m (0.3ms)[0m  [1m[35mCREATE TABLE "users" ("id" integer PRIMARY KEY AUTOINCREMENT NOT NULL, "email" varchar NOT NULL, "firstname" varchar NOT NULL, "lastname" varchar NOT NULL, "created_at" datetime(6) NOT NULL, "updated_at" datetime(6) NOT NULL)[0m
  [1m[35m (0.0ms)[0m  [1m[35mDROP TABLE IF EXISTS "portunus_data_encryption_keys"[0m
  [1m[35m (0.1ms)[0m  [1m[35mCREATE TABLE "portunus_data_encryption_keys" ("id" integer PRIMARY KEY AUTOINCREMENT NOT NULL, "encrypted_key" varchar NOT NULL, "master_keyname" varchar NOT NULL, "encryptable_type" varchar NOT NULL, "encryptable_id" integer NOT NULL, "created_at" datetime(6) NOT NULL, "updated_at" datetime(6) NOT NULL, "last_dek_rotation" datetime(6), "last_kek_rotation" datetime(6))[0m
  [1m[35m (0.1ms)[0m  [1m[35mCREATE UNIQUE INDEX "portunus_dek_on_encryptable_id_and_encryptable_type" ON "portunus_data_encryption_keys" ("encryptable_id", "encryptable_type")[0m
  [1m[35m (0.1ms)[0m  [1m[35mCREATE TABLE "ar_internal_metadata" ("key" varchar NOT NULL PRIMARY KEY, "value" varchar, "created_at" datetime(6) NOT NULL, "updated_at" datetime(6) NOT NULL)[0m
  [1m[36mActiveRecord::InternalMetadata Load (0.1ms)[0m  [1m[34mSELECT "ar_internal_metadata".* FROM "ar_internal_metadata" WHERE "ar_internal_metadata"."key" = ? LIMIT ?[0m  [["key", "environment"], ["LIMIT", 1]]
  [1m[35m (0.0ms)[0m  [1m[36mbegin transaction[0m
  [1m[36mActiveRecord::InternalMetadata Create (0.1ms)[0m  [1m[32mINSERT INTO "ar_internal_metadata" ("key", "value", "created_at", "updated_at") VALUES (?, ?, ?, ?)[0m  [["key", "environment"], ["value", "development"], ["created_at", "2020-03-11 07:24:10.161228"], ["updated_at", "2020-03-11 07:24:10.161228"]]
  [1m[35m (0.0ms)[0m  [1m[36mcommit transaction[0m
  [1m[35m (0.8ms)[0m  [1m[34mSELECT sqlite_version(*)[0m
  [1m[35m (0.0ms)[0m  [1m[35mDROP TABLE IF EXISTS "users"[0m
  [1m[35m (0.2ms)[0m  [1m[35mCREATE TABLE "users" ("id" integer PRIMARY KEY AUTOINCREMENT NOT NULL, "email" varchar NOT NULL, "firstname" varchar NOT NULL, "lastname" varchar NOT NULL, "created_at" datetime(6) NOT NULL, "updated_at" datetime(6) NOT NULL)[0m
  [1m[35m (0.1ms)[0m  [1m[35mDROP TABLE IF EXISTS "portunus_data_encryption_keys"[0m
  [1m[35m (0.1ms)[0m  [1m[35mCREATE TABLE "portunus_data_encryption_keys" ("id" integer PRIMARY KEY AUTOINCREMENT NOT NULL, "encrypted_key" varchar NOT NULL, "master_keyname" varchar NOT NULL, "encryptable_type" varchar NOT NULL, "encryptable_id" integer NOT NULL, "created_at" datetime(6) NOT NULL, "updated_at" datetime(6) NOT NULL, "last_dek_rotation" datetime(6), "last_kek_rotation" datetime(6))[0m
  [1m[35m (0.1ms)[0m  [1m[35mCREATE UNIQUE INDEX "portunus_dek_on_encryptable_id_and_encryptable_type" ON "portunus_data_encryption_keys" ("encryptable_id", "encryptable_type")[0m
  [1m[35m (0.1ms)[0m  [1m[35mCREATE TABLE "ar_internal_metadata" ("key" varchar NOT NULL PRIMARY KEY, "value" varchar, "created_at" datetime(6) NOT NULL, "updated_at" datetime(6) NOT NULL)[0m
  [1m[36mActiveRecord::InternalMetadata Load (0.1ms)[0m  [1m[34mSELECT "ar_internal_metadata".* FROM "ar_internal_metadata" WHERE "ar_internal_metadata"."key" = ? LIMIT ?[0m  [["key", "environment"], ["LIMIT", 1]]
  [1m[35m (0.0ms)[0m  [1m[36mbegin transaction[0m
  [1m[36mActiveRecord::InternalMetadata Create (0.1ms)[0m  [1m[32mINSERT INTO "ar_internal_metadata" ("key", "value", "created_at", "updated_at") VALUES (?, ?, ?, ?)[0m  [["key", "environment"], ["value", "development"], ["created_at", "2020-03-11 07:27:14.127348"], ["updated_at", "2020-03-11 07:27:14.127348"]]
  [1m[35m (0.0ms)[0m  [1m[36mcommit transaction[0m
  [1m[35m (1.0ms)[0m  [1m[34mSELECT sqlite_version(*)[0m
  [1m[35m (0.0ms)[0m  [1m[35mDROP TABLE IF EXISTS "users"[0m
  [1m[35m (0.2ms)[0m  [1m[35mCREATE TABLE "users" ("id" integer PRIMARY KEY AUTOINCREMENT NOT NULL, "email" varchar NOT NULL, "firstname" varchar NOT NULL, "lastname" varchar NOT NULL, "created_at" datetime(6) NOT NULL, "updated_at" datetime(6) NOT NULL)[0m
  [1m[35m (0.0ms)[0m  [1m[35mDROP TABLE IF EXISTS "portunus_data_encryption_keys"[0m
  [1m[35m (0.1ms)[0m  [1m[35mCREATE TABLE "portunus_data_encryption_keys" ("id" integer PRIMARY KEY AUTOINCREMENT NOT NULL, "encrypted_key" varchar NOT NULL, "master_keyname" varchar NOT NULL, "encryptable_type" varchar NOT NULL, "encryptable_id" integer NOT NULL, "created_at" datetime(6) NOT NULL, "updated_at" datetime(6) NOT NULL, "last_dek_rotation" datetime(6), "last_kek_rotation" datetime(6))[0m
  [1m[35m (0.1ms)[0m  [1m[35mCREATE UNIQUE INDEX "portunus_dek_on_encryptable_id_and_encryptable_type" ON "portunus_data_encryption_keys" ("encryptable_id", "encryptable_type")[0m
  [1m[35m (0.1ms)[0m  [1m[35mCREATE TABLE "ar_internal_metadata" ("key" varchar NOT NULL PRIMARY KEY, "value" varchar, "created_at" datetime(6) NOT NULL, "updated_at" datetime(6) NOT NULL)[0m
  [1m[36mActiveRecord::InternalMetadata Load (0.1ms)[0m  [1m[34mSELECT "ar_internal_metadata".* FROM "ar_internal_metadata" WHERE "ar_internal_metadata"."key" = ? LIMIT ?[0m  [["key", "environment"], ["LIMIT", 1]]
  [1m[35m (0.0ms)[0m  [1m[36mbegin transaction[0m
  [1m[36mActiveRecord::InternalMetadata Create (0.1ms)[0m  [1m[32mINSERT INTO "ar_internal_metadata" ("key", "value", "created_at", "updated_at") VALUES (?, ?, ?, ?)[0m  [["key", "environment"], ["value", "development"], ["created_at", "2020-03-11 07:38:17.507134"], ["updated_at", "2020-03-11 07:38:17.507134"]]
  [1m[35m (0.0ms)[0m  [1m[36mcommit transaction[0m
  [1m[35m (0.9ms)[0m  [1m[34mSELECT sqlite_version(*)[0m
  [1m[35m (0.0ms)[0m  [1m[35mDROP TABLE IF EXISTS "users"[0m
  [1m[35m (0.2ms)[0m  [1m[35mCREATE TABLE "users" ("id" integer PRIMARY KEY AUTOINCREMENT NOT NULL, "email" varchar NOT NULL, "firstname" varchar NOT NULL, "lastname" varchar NOT NULL, "created_at" datetime(6) NOT NULL, "updated_at" datetime(6) NOT NULL)[0m
  [1m[35m (0.0ms)[0m  [1m[35mDROP TABLE IF EXISTS "portunus_data_encryption_keys"[0m
  [1m[35m (0.1ms)[0m  [1m[35mCREATE TABLE "portunus_data_encryption_keys" ("id" integer PRIMARY KEY AUTOINCREMENT NOT NULL, "encrypted_key" varchar NOT NULL, "master_keyname" varchar NOT NULL, "encryptable_type" varchar NOT NULL, "encryptable_id" integer NOT NULL, "created_at" datetime(6) NOT NULL, "updated_at" datetime(6) NOT NULL, "last_dek_rotation" datetime(6), "last_kek_rotation" datetime(6))[0m
  [1m[35m (0.1ms)[0m  [1m[35mCREATE UNIQUE INDEX "portunus_dek_on_encryptable_id_and_encryptable_type" ON "portunus_data_encryption_keys" ("encryptable_id", "encryptable_type")[0m
  [1m[35m (0.1ms)[0m  [1m[35mCREATE TABLE "ar_internal_metadata" ("key" varchar NOT NULL PRIMARY KEY, "value" varchar, "created_at" datetime(6) NOT NULL, "updated_at" datetime(6) NOT NULL)[0m
  [1m[36mActiveRecord::InternalMetadata Load (0.1ms)[0m  [1m[34mSELECT "ar_internal_metadata".* FROM "ar_internal_metadata" WHERE "ar_internal_metadata"."key" = ? LIMIT ?[0m  [["key", "environment"], ["LIMIT", 1]]
  [1m[35m (0.0ms)[0m  [1m[36mbegin transaction[0m
  [1m[36mActiveRecord::InternalMetadata Create (0.1ms)[0m  [1m[32mINSERT INTO "ar_internal_metadata" ("key", "value", "created_at", "updated_at") VALUES (?, ?, ?, ?)[0m  [["key", "environment"], ["value", "development"], ["created_at", "2020-03-11 07:39:07.608941"], ["updated_at", "2020-03-11 07:39:07.608941"]]
  [1m[35m (0.0ms)[0m  [1m[36mcommit transaction[0m
  [1m[35m (1.0ms)[0m  [1m[34mSELECT sqlite_version(*)[0m
  [1m[35m (0.1ms)[0m  [1m[35mDROP TABLE IF EXISTS "users"[0m
  [1m[35m (0.2ms)[0m  [1m[35mCREATE TABLE "users" ("id" integer PRIMARY KEY AUTOINCREMENT NOT NULL, "email" varchar NOT NULL, "firstname" varchar NOT NULL, "lastname" varchar NOT NULL, "created_at" datetime(6) NOT NULL, "updated_at" datetime(6) NOT NULL)[0m
  [1m[35m (0.0ms)[0m  [1m[35mDROP TABLE IF EXISTS "portunus_data_encryption_keys"[0m
  [1m[35m (0.1ms)[0m  [1m[35mCREATE TABLE "portunus_data_encryption_keys" ("id" integer PRIMARY KEY AUTOINCREMENT NOT NULL, "encrypted_key" varchar NOT NULL, "master_keyname" varchar NOT NULL, "encryptable_type" varchar NOT NULL, "encryptable_id" integer NOT NULL, "created_at" datetime(6) NOT NULL, "updated_at" datetime(6) NOT NULL, "last_dek_rotation" datetime(6), "last_kek_rotation" datetime(6))[0m
  [1m[35m (0.1ms)[0m  [1m[35mCREATE UNIQUE INDEX "portunus_dek_on_encryptable_id_and_encryptable_type" ON "portunus_data_encryption_keys" ("encryptable_id", "encryptable_type")[0m
  [1m[35m (0.1ms)[0m  [1m[35mCREATE TABLE "ar_internal_metadata" ("key" varchar NOT NULL PRIMARY KEY, "value" varchar, "created_at" datetime(6) NOT NULL, "updated_at" datetime(6) NOT NULL)[0m
  [1m[36mActiveRecord::InternalMetadata Load (0.1ms)[0m  [1m[34mSELECT "ar_internal_metadata".* FROM "ar_internal_metadata" WHERE "ar_internal_metadata"."key" = ? LIMIT ?[0m  [["key", "environment"], ["LIMIT", 1]]
  [1m[35m (0.0ms)[0m  [1m[36mbegin transaction[0m
  [1m[36mActiveRecord::InternalMetadata Create (0.1ms)[0m  [1m[32mINSERT INTO "ar_internal_metadata" ("key", "value", "created_at", "updated_at") VALUES (?, ?, ?, ?)[0m  [["key", "environment"], ["value", "development"], ["created_at", "2020-03-11 07:44:46.530990"], ["updated_at", "2020-03-11 07:44:46.530990"]]
  [1m[35m (0.0ms)[0m  [1m[36mcommit transaction[0m
  [1m[35m (0.9ms)[0m  [1m[34mSELECT sqlite_version(*)[0m
  [1m[35m (0.1ms)[0m  [1m[35mDROP TABLE IF EXISTS "users"[0m
  [1m[35m (0.2ms)[0m  [1m[35mCREATE TABLE "users" ("id" integer PRIMARY KEY AUTOINCREMENT NOT NULL, "email" varchar NOT NULL, "firstname" varchar NOT NULL, "lastname" varchar NOT NULL, "created_at" datetime(6) NOT NULL, "updated_at" datetime(6) NOT NULL)[0m
  [1m[35m (0.0ms)[0m  [1m[35mDROP TABLE IF EXISTS "portunus_data_encryption_keys"[0m
  [1m[35m (0.1ms)[0m  [1m[35mCREATE TABLE "portunus_data_encryption_keys" ("id" integer PRIMARY KEY AUTOINCREMENT NOT NULL, "encrypted_key" varchar NOT NULL, "master_keyname" varchar NOT NULL, "encryptable_type" varchar NOT NULL, "encryptable_id" integer NOT NULL, "created_at" datetime(6) NOT NULL, "updated_at" datetime(6) NOT NULL, "last_dek_rotation" datetime(6), "last_kek_rotation" datetime(6))[0m
  [1m[35m (0.1ms)[0m  [1m[35mCREATE UNIQUE INDEX "portunus_dek_on_encryptable_id_and_encryptable_type" ON "portunus_data_encryption_keys" ("encryptable_id", "encryptable_type")[0m
  [1m[35m (0.1ms)[0m  [1m[35mCREATE TABLE "ar_internal_metadata" ("key" varchar NOT NULL PRIMARY KEY, "value" varchar, "created_at" datetime(6) NOT NULL, "updated_at" datetime(6) NOT NULL)[0m
  [1m[36mActiveRecord::InternalMetadata Load (0.1ms)[0m  [1m[34mSELECT "ar_internal_metadata".* FROM "ar_internal_metadata" WHERE "ar_internal_metadata"."key" = ? LIMIT ?[0m  [["key", "environment"], ["LIMIT", 1]]
  [1m[35m (0.0ms)[0m  [1m[36mbegin transaction[0m
  [1m[36mActiveRecord::InternalMetadata Create (0.1ms)[0m  [1m[32mINSERT INTO "ar_internal_metadata" ("key", "value", "created_at", "updated_at") VALUES (?, ?, ?, ?)[0m  [["key", "environment"], ["value", "development"], ["created_at", "2020-03-11 07:45:23.717182"], ["updated_at", "2020-03-11 07:45:23.717182"]]
  [1m[35m (0.0ms)[0m  [1m[36mcommit transaction[0m
  [1m[35m (1.0ms)[0m  [1m[34mSELECT sqlite_version(*)[0m
  [1m[35m (0.0ms)[0m  [1m[35mDROP TABLE IF EXISTS "users"[0m
  [1m[35m (0.2ms)[0m  [1m[35mCREATE TABLE "users" ("id" integer PRIMARY KEY AUTOINCREMENT NOT NULL, "email" varchar NOT NULL, "firstname" varchar NOT NULL, "lastname" varchar NOT NULL, "created_at" datetime(6) NOT NULL, "updated_at" datetime(6) NOT NULL)[0m
  [1m[35m (0.0ms)[0m  [1m[35mDROP TABLE IF EXISTS "portunus_data_encryption_keys"[0m
  [1m[35m (0.1ms)[0m  [1m[35mCREATE TABLE "portunus_data_encryption_keys" ("id" integer PRIMARY KEY AUTOINCREMENT NOT NULL, "encrypted_key" varchar NOT NULL, "master_keyname" varchar NOT NULL, "encryptable_type" varchar NOT NULL, "encryptable_id" integer NOT NULL, "created_at" datetime(6) NOT NULL, "updated_at" datetime(6) NOT NULL, "last_dek_rotation" datetime(6), "last_kek_rotation" datetime(6))[0m
  [1m[35m (0.1ms)[0m  [1m[35mCREATE UNIQUE INDEX "portunus_dek_on_encryptable_id_and_encryptable_type" ON "portunus_data_encryption_keys" ("encryptable_id", "encryptable_type")[0m
  [1m[35m (0.1ms)[0m  [1m[35mCREATE TABLE "ar_internal_metadata" ("key" varchar NOT NULL PRIMARY KEY, "value" varchar, "created_at" datetime(6) NOT NULL, "updated_at" datetime(6) NOT NULL)[0m
  [1m[36mActiveRecord::InternalMetadata Load (0.1ms)[0m  [1m[34mSELECT "ar_internal_metadata".* FROM "ar_internal_metadata" WHERE "ar_internal_metadata"."key" = ? LIMIT ?[0m  [["key", "environment"], ["LIMIT", 1]]
  [1m[35m (0.0ms)[0m  [1m[36mbegin transaction[0m
  [1m[36mActiveRecord::InternalMetadata Create (0.1ms)[0m  [1m[32mINSERT INTO "ar_internal_metadata" ("key", "value", "created_at", "updated_at") VALUES (?, ?, ?, ?)[0m  [["key", "environment"], ["value", "development"], ["created_at", "2020-03-11 08:04:52.437951"], ["updated_at", "2020-03-11 08:04:52.437951"]]
  [1m[35m (0.0ms)[0m  [1m[36mcommit transaction[0m
  [1m[35m (1.0ms)[0m  [1m[34mSELECT sqlite_version(*)[0m
  [1m[35m (0.0ms)[0m  [1m[35mDROP TABLE IF EXISTS "users"[0m
  [1m[35m (0.2ms)[0m  [1m[35mCREATE TABLE "users" ("id" integer PRIMARY KEY AUTOINCREMENT NOT NULL, "email" varchar NOT NULL, "firstname" varchar NOT NULL, "lastname" varchar NOT NULL, "created_at" datetime(6) NOT NULL, "updated_at" datetime(6) NOT NULL)[0m
  [1m[35m (0.0ms)[0m  [1m[35mDROP TABLE IF EXISTS "portunus_data_encryption_keys"[0m
  [1m[35m (0.1ms)[0m  [1m[35mCREATE TABLE "portunus_data_encryption_keys" ("id" integer PRIMARY KEY AUTOINCREMENT NOT NULL, "encrypted_key" varchar NOT NULL, "master_keyname" varchar NOT NULL, "encryptable_type" varchar NOT NULL, "encryptable_id" integer NOT NULL, "created_at" datetime(6) NOT NULL, "updated_at" datetime(6) NOT NULL, "last_dek_rotation" datetime(6), "last_kek_rotation" datetime(6))[0m
  [1m[35m (0.1ms)[0m  [1m[35mCREATE UNIQUE INDEX "portunus_dek_on_encryptable_id_and_encryptable_type" ON "portunus_data_encryption_keys" ("encryptable_id", "encryptable_type")[0m
  [1m[35m (0.1ms)[0m  [1m[35mCREATE TABLE "ar_internal_metadata" ("key" varchar NOT NULL PRIMARY KEY, "value" varchar, "created_at" datetime(6) NOT NULL, "updated_at" datetime(6) NOT NULL)[0m
  [1m[36mActiveRecord::InternalMetadata Load (0.2ms)[0m  [1m[34mSELECT "ar_internal_metadata".* FROM "ar_internal_metadata" WHERE "ar_internal_metadata"."key" = ? LIMIT ?[0m  [["key", "environment"], ["LIMIT", 1]]
  [1m[35m (0.0ms)[0m  [1m[36mbegin transaction[0m
  [1m[36mActiveRecord::InternalMetadata Create (0.1ms)[0m  [1m[32mINSERT INTO "ar_internal_metadata" ("key", "value", "created_at", "updated_at") VALUES (?, ?, ?, ?)[0m  [["key", "environment"], ["value", "development"], ["created_at", "2020-03-11 08:12:33.186418"], ["updated_at", "2020-03-11 08:12:33.186418"]]
  [1m[35m (0.0ms)[0m  [1m[36mcommit transaction[0m
  [1m[35m (1.2ms)[0m  [1m[34mSELECT sqlite_version(*)[0m
  [1m[35m (0.0ms)[0m  [1m[35mDROP TABLE IF EXISTS "users"[0m
  [1m[35m (0.2ms)[0m  [1m[35mCREATE TABLE "users" ("id" integer PRIMARY KEY AUTOINCREMENT NOT NULL, "email" varchar NOT NULL, "firstname" varchar NOT NULL, "lastname" varchar NOT NULL, "created_at" datetime(6) NOT NULL, "updated_at" datetime(6) NOT NULL)[0m
  [1m[35m (0.0ms)[0m  [1m[35mDROP TABLE IF EXISTS "portunus_data_encryption_keys"[0m
  [1m[35m (0.1ms)[0m  [1m[35mCREATE TABLE "portunus_data_encryption_keys" ("id" integer PRIMARY KEY AUTOINCREMENT NOT NULL, "encrypted_key" varchar NOT NULL, "master_keyname" varchar NOT NULL, "encryptable_type" varchar NOT NULL, "encryptable_id" integer NOT NULL, "created_at" datetime(6) NOT NULL, "updated_at" datetime(6) NOT NULL, "last_dek_rotation" datetime(6), "last_kek_rotation" datetime(6))[0m
  [1m[35m (0.1ms)[0m  [1m[35mCREATE UNIQUE INDEX "portunus_dek_on_encryptable_id_and_encryptable_type" ON "portunus_data_encryption_keys" ("encryptable_id", "encryptable_type")[0m
  [1m[35m (0.1ms)[0m  [1m[35mCREATE TABLE "ar_internal_metadata" ("key" varchar NOT NULL PRIMARY KEY, "value" varchar, "created_at" datetime(6) NOT NULL, "updated_at" datetime(6) NOT NULL)[0m
  [1m[36mActiveRecord::InternalMetadata Load (0.1ms)[0m  [1m[34mSELECT "ar_internal_metadata".* FROM "ar_internal_metadata" WHERE "ar_internal_metadata"."key" = ? LIMIT ?[0m  [["key", "environment"], ["LIMIT", 1]]
  [1m[35m (0.2ms)[0m  [1m[36mbegin transaction[0m
  [1m[36mActiveRecord::InternalMetadata Create (0.3ms)[0m  [1m[32mINSERT INTO "ar_internal_metadata" ("key", "value", "created_at", "updated_at") VALUES (?, ?, ?, ?)[0m  [["key", "environment"], ["value", "development"], ["created_at", "2020-03-11 08:13:12.051210"], ["updated_at", "2020-03-11 08:13:12.051210"]]
  [1m[35m (0.2ms)[0m  [1m[36mcommit transaction[0m
  [1m[35m (0.7ms)[0m  [1m[34mSELECT sqlite_version(*)[0m
  [1m[35m (0.0ms)[0m  [1m[35mDROP TABLE IF EXISTS "users"[0m
  [1m[35m (0.3ms)[0m  [1m[35mCREATE TABLE "users" ("id" integer PRIMARY KEY AUTOINCREMENT NOT NULL, "email" varchar NOT NULL, "firstname" varchar NOT NULL, "lastname" varchar NOT NULL, "created_at" datetime(6) NOT NULL, "updated_at" datetime(6) NOT NULL)[0m
  [1m[35m (0.0ms)[0m  [1m[35mDROP TABLE IF EXISTS "portunus_data_encryption_keys"[0m
  [1m[35m (0.1ms)[0m  [1m[35mCREATE TABLE "portunus_data_encryption_keys" ("id" integer PRIMARY KEY AUTOINCREMENT NOT NULL, "encrypted_key" varchar NOT NULL, "master_keyname" varchar NOT NULL, "encryptable_type" varchar NOT NULL, "encryptable_id" integer NOT NULL, "created_at" datetime(6) NOT NULL, "updated_at" datetime(6) NOT NULL, "last_dek_rotation" datetime(6), "last_kek_rotation" datetime(6))[0m
  [1m[35m (0.1ms)[0m  [1m[35mCREATE UNIQUE INDEX "portunus_dek_on_encryptable_id_and_encryptable_type" ON "portunus_data_encryption_keys" ("encryptable_id", "encryptable_type")[0m
  [1m[35m (0.1ms)[0m  [1m[35mCREATE TABLE "ar_internal_metadata" ("key" varchar NOT NULL PRIMARY KEY, "value" varchar, "created_at" datetime(6) NOT NULL, "updated_at" datetime(6) NOT NULL)[0m
  [1m[36mActiveRecord::InternalMetadata Load (0.1ms)[0m  [1m[34mSELECT "ar_internal_metadata".* FROM "ar_internal_metadata" WHERE "ar_internal_metadata"."key" = ? LIMIT ?[0m  [["key", "environment"], ["LIMIT", 1]]
  [1m[35m (0.2ms)[0m  [1m[36mbegin transaction[0m
  [1m[36mActiveRecord::InternalMetadata Create (0.6ms)[0m  [1m[32mINSERT INTO "ar_internal_metadata" ("key", "value", "created_at", "updated_at") VALUES (?, ?, ?, ?)[0m  [["key", "environment"], ["value", "development"], ["created_at", "2020-03-11 08:17:38.800343"], ["updated_at", "2020-03-11 08:17:38.800343"]]
  [1m[35m (0.2ms)[0m  [1m[36mcommit transaction[0m
  [1m[35m (0.8ms)[0m  [1m[34mSELECT sqlite_version(*)[0m
  [1m[35m (0.1ms)[0m  [1m[35mDROP TABLE IF EXISTS "users"[0m
  [1m[35m (0.2ms)[0m  [1m[35mCREATE TABLE "users" ("id" integer PRIMARY KEY AUTOINCREMENT NOT NULL, "email" varchar NOT NULL, "firstname" varchar NOT NULL, "lastname" varchar NOT NULL, "created_at" datetime(6) NOT NULL, "updated_at" datetime(6) NOT NULL)[0m
  [1m[35m (0.0ms)[0m  [1m[35mDROP TABLE IF EXISTS "portunus_data_encryption_keys"[0m
  [1m[35m (0.1ms)[0m  [1m[35mCREATE TABLE "portunus_data_encryption_keys" ("id" integer PRIMARY KEY AUTOINCREMENT NOT NULL, "encrypted_key" varchar NOT NULL, "master_keyname" varchar NOT NULL, "encryptable_type" varchar NOT NULL, "encryptable_id" integer NOT NULL, "created_at" datetime(6) NOT NULL, "updated_at" datetime(6) NOT NULL, "last_dek_rotation" datetime(6), "last_kek_rotation" datetime(6))[0m
  [1m[35m (0.1ms)[0m  [1m[35mCREATE UNIQUE INDEX "portunus_dek_on_encryptable_id_and_encryptable_type" ON "portunus_data_encryption_keys" ("encryptable_id", "encryptable_type")[0m
  [1m[35m (0.1ms)[0m  [1m[35mCREATE TABLE "ar_internal_metadata" ("key" varchar NOT NULL PRIMARY KEY, "value" varchar, "created_at" datetime(6) NOT NULL, "updated_at" datetime(6) NOT NULL)[0m
  [1m[36mActiveRecord::InternalMetadata Load (0.2ms)[0m  [1m[34mSELECT "ar_internal_metadata".* FROM "ar_internal_metadata" WHERE "ar_internal_metadata"."key" = ? LIMIT ?[0m  [["key", "environment"], ["LIMIT", 1]]
  [1m[35m (0.0ms)[0m  [1m[36mbegin transaction[0m
  [1m[36mActiveRecord::InternalMetadata Create (0.1ms)[0m  [1m[32mINSERT INTO "ar_internal_metadata" ("key", "value", "created_at", "updated_at") VALUES (?, ?, ?, ?)[0m  [["key", "environment"], ["value", "development"], ["created_at", "2020-03-11 08:20:40.568191"], ["updated_at", "2020-03-11 08:20:40.568191"]]
  [1m[35m (0.0ms)[0m  [1m[36mcommit transaction[0m
  [1m[35m (0.8ms)[0m  [1m[34mSELECT sqlite_version(*)[0m
  [1m[35m (0.0ms)[0m  [1m[35mDROP TABLE IF EXISTS "users"[0m
  [1m[35m (0.2ms)[0m  [1m[35mCREATE TABLE "users" ("id" integer PRIMARY KEY AUTOINCREMENT NOT NULL, "email" varchar NOT NULL, "firstname" varchar NOT NULL, "lastname" varchar NOT NULL, "created_at" datetime(6) NOT NULL, "updated_at" datetime(6) NOT NULL)[0m
  [1m[35m (0.0ms)[0m  [1m[35mDROP TABLE IF EXISTS "portunus_data_encryption_keys"[0m
  [1m[35m (0.1ms)[0m  [1m[35mCREATE TABLE "portunus_data_encryption_keys" ("id" integer PRIMARY KEY AUTOINCREMENT NOT NULL, "encrypted_key" varchar NOT NULL, "master_keyname" varchar NOT NULL, "encryptable_type" varchar NOT NULL, "encryptable_id" integer NOT NULL, "created_at" datetime(6) NOT NULL, "updated_at" datetime(6) NOT NULL, "last_dek_rotation" datetime(6), "last_kek_rotation" datetime(6))[0m
  [1m[35m (0.1ms)[0m  [1m[35mCREATE UNIQUE INDEX "portunus_dek_on_encryptable_id_and_encryptable_type" ON "portunus_data_encryption_keys" ("encryptable_id", "encryptable_type")[0m
  [1m[35m (0.1ms)[0m  [1m[35mCREATE TABLE "ar_internal_metadata" ("key" varchar NOT NULL PRIMARY KEY, "value" varchar, "created_at" datetime(6) NOT NULL, "updated_at" datetime(6) NOT NULL)[0m
  [1m[36mActiveRecord::InternalMetadata Load (0.1ms)[0m  [1m[34mSELECT "ar_internal_metadata".* FROM "ar_internal_metadata" WHERE "ar_internal_metadata"."key" = ? LIMIT ?[0m  [["key", "environment"], ["LIMIT", 1]]
  [1m[35m (0.1ms)[0m  [1m[36mbegin transaction[0m
  [1m[36mActiveRecord::InternalMetadata Create (0.1ms)[0m  [1m[32mINSERT INTO "ar_internal_metadata" ("key", "value", "created_at", "updated_at") VALUES (?, ?, ?, ?)[0m  [["key", "environment"], ["value", "development"], ["created_at", "2020-03-11 08:25:42.685285"], ["updated_at", "2020-03-11 08:25:42.685285"]]
  [1m[35m (0.0ms)[0m  [1m[36mcommit transaction[0m
  [1m[35m (0.8ms)[0m  [1m[34mSELECT sqlite_version(*)[0m
  [1m[35m (0.0ms)[0m  [1m[35mDROP TABLE IF EXISTS "users"[0m
  [1m[35m (0.2ms)[0m  [1m[35mCREATE TABLE "users" ("id" integer PRIMARY KEY AUTOINCREMENT NOT NULL, "email" varchar NOT NULL, "firstname" varchar NOT NULL, "lastname" varchar NOT NULL, "created_at" datetime(6) NOT NULL, "updated_at" datetime(6) NOT NULL)[0m
  [1m[35m (0.0ms)[0m  [1m[35mDROP TABLE IF EXISTS "portunus_data_encryption_keys"[0m
  [1m[35m (0.1ms)[0m  [1m[35mCREATE TABLE "portunus_data_encryption_keys" ("id" integer PRIMARY KEY AUTOINCREMENT NOT NULL, "encrypted_key" varchar NOT NULL, "master_keyname" varchar NOT NULL, "encryptable_type" varchar NOT NULL, "encryptable_id" integer NOT NULL, "created_at" datetime(6) NOT NULL, "updated_at" datetime(6) NOT NULL, "last_dek_rotation" datetime(6), "last_kek_rotation" datetime(6))[0m
  [1m[35m (0.1ms)[0m  [1m[35mCREATE UNIQUE INDEX "portunus_dek_on_encryptable_id_and_encryptable_type" ON "portunus_data_encryption_keys" ("encryptable_id", "encryptable_type")[0m
  [1m[35m (0.1ms)[0m  [1m[35mCREATE TABLE "ar_internal_metadata" ("key" varchar NOT NULL PRIMARY KEY, "value" varchar, "created_at" datetime(6) NOT NULL, "updated_at" datetime(6) NOT NULL)[0m
  [1m[36mActiveRecord::InternalMetadata Load (0.1ms)[0m  [1m[34mSELECT "ar_internal_metadata".* FROM "ar_internal_metadata" WHERE "ar_internal_metadata"."key" = ? LIMIT ?[0m  [["key", "environment"], ["LIMIT", 1]]
  [1m[35m (0.1ms)[0m  [1m[36mbegin transaction[0m
  [1m[36mActiveRecord::InternalMetadata Create (0.1ms)[0m  [1m[32mINSERT INTO "ar_internal_metadata" ("key", "value", "created_at", "updated_at") VALUES (?, ?, ?, ?)[0m  [["key", "environment"], ["value", "development"], ["created_at", "2020-03-11 08:26:20.100914"], ["updated_at", "2020-03-11 08:26:20.100914"]]
  [1m[35m (0.0ms)[0m  [1m[36mcommit transaction[0m
  [1m[35m (0.9ms)[0m  [1m[34mSELECT sqlite_version(*)[0m
  [1m[35m (0.1ms)[0m  [1m[35mDROP TABLE IF EXISTS "users"[0m
  [1m[35m (0.2ms)[0m  [1m[35mCREATE TABLE "users" ("id" integer PRIMARY KEY AUTOINCREMENT NOT NULL, "email" varchar NOT NULL, "firstname" varchar NOT NULL, "lastname" varchar NOT NULL, "created_at" datetime(6) NOT NULL, "updated_at" datetime(6) NOT NULL)[0m
  [1m[35m (0.0ms)[0m  [1m[35mDROP TABLE IF EXISTS "portunus_data_encryption_keys"[0m
  [1m[35m (0.1ms)[0m  [1m[35mCREATE TABLE "portunus_data_encryption_keys" ("id" integer PRIMARY KEY AUTOINCREMENT NOT NULL, "encrypted_key" varchar NOT NULL, "master_keyname" varchar NOT NULL, "encryptable_type" varchar NOT NULL, "encryptable_id" integer NOT NULL, "created_at" datetime(6) NOT NULL, "updated_at" datetime(6) NOT NULL, "last_dek_rotation" datetime(6), "last_kek_rotation" datetime(6))[0m
  [1m[35m (0.1ms)[0m  [1m[35mCREATE UNIQUE INDEX "portunus_dek_on_encryptable_id_and_encryptable_type" ON "portunus_data_encryption_keys" ("encryptable_id", "encryptable_type")[0m
  [1m[35m (0.1ms)[0m  [1m[35mCREATE TABLE "ar_internal_metadata" ("key" varchar NOT NULL PRIMARY KEY, "value" varchar, "created_at" datetime(6) NOT NULL, "updated_at" datetime(6) NOT NULL)[0m
  [1m[36mActiveRecord::InternalMetadata Load (0.1ms)[0m  [1m[34mSELECT "ar_internal_metadata".* FROM "ar_internal_metadata" WHERE "ar_internal_metadata"."key" = ? LIMIT ?[0m  [["key", "environment"], ["LIMIT", 1]]
  [1m[35m (0.2ms)[0m  [1m[36mbegin transaction[0m
  [1m[36mActiveRecord::InternalMetadata Create (0.4ms)[0m  [1m[32mINSERT INTO "ar_internal_metadata" ("key", "value", "created_at", "updated_at") VALUES (?, ?, ?, ?)[0m  [["key", "environment"], ["value", "development"], ["created_at", "2020-03-11 08:32:39.941492"], ["updated_at", "2020-03-11 08:32:39.941492"]]
  [1m[35m (0.2ms)[0m  [1m[36mcommit transaction[0m
  [1m[35m (0.9ms)[0m  [1m[34mSELECT sqlite_version(*)[0m
  [1m[35m (0.0ms)[0m  [1m[35mDROP TABLE IF EXISTS "users"[0m
  [1m[35m (0.2ms)[0m  [1m[35mCREATE TABLE "users" ("id" integer PRIMARY KEY AUTOINCREMENT NOT NULL, "email" varchar NOT NULL, "firstname" varchar NOT NULL, "lastname" varchar NOT NULL, "created_at" datetime(6) NOT NULL, "updated_at" datetime(6) NOT NULL)[0m
  [1m[35m (0.0ms)[0m  [1m[35mDROP TABLE IF EXISTS "portunus_data_encryption_keys"[0m
  [1m[35m (0.1ms)[0m  [1m[35mCREATE TABLE "portunus_data_encryption_keys" ("id" integer PRIMARY KEY AUTOINCREMENT NOT NULL, "encrypted_key" varchar NOT NULL, "master_keyname" varchar NOT NULL, "encryptable_type" varchar NOT NULL, "encryptable_id" integer NOT NULL, "created_at" datetime(6) NOT NULL, "updated_at" datetime(6) NOT NULL, "last_dek_rotation" datetime(6), "last_kek_rotation" datetime(6))[0m
  [1m[35m (0.1ms)[0m  [1m[35mCREATE UNIQUE INDEX "portunus_dek_on_encryptable_id_and_encryptable_type" ON "portunus_data_encryption_keys" ("encryptable_id", "encryptable_type")[0m
  [1m[35m (0.1ms)[0m  [1m[35mCREATE TABLE "ar_internal_metadata" ("key" varchar NOT NULL PRIMARY KEY, "value" varchar, "created_at" datetime(6) NOT NULL, "updated_at" datetime(6) NOT NULL)[0m
  [1m[36mActiveRecord::InternalMetadata Load (0.1ms)[0m  [1m[34mSELECT "ar_internal_metadata".* FROM "ar_internal_metadata" WHERE "ar_internal_metadata"."key" = ? LIMIT ?[0m  [["key", "environment"], ["LIMIT", 1]]
  [1m[35m (0.0ms)[0m  [1m[36mbegin transaction[0m
  [1m[36mActiveRecord::InternalMetadata Create (0.1ms)[0m  [1m[32mINSERT INTO "ar_internal_metadata" ("key", "value", "created_at", "updated_at") VALUES (?, ?, ?, ?)[0m  [["key", "environment"], ["value", "development"], ["created_at", "2020-03-11 08:41:23.056552"], ["updated_at", "2020-03-11 08:41:23.056552"]]
  [1m[35m (0.0ms)[0m  [1m[36mcommit transaction[0m
  [1m[35m (1.0ms)[0m  [1m[34mSELECT sqlite_version(*)[0m
  [1m[35m (0.1ms)[0m  [1m[35mDROP TABLE IF EXISTS "users"[0m
  [1m[35m (0.3ms)[0m  [1m[35mCREATE TABLE "users" ("id" integer PRIMARY KEY AUTOINCREMENT NOT NULL, "email" varchar NOT NULL, "firstname" varchar NOT NULL, "lastname" varchar NOT NULL, "created_at" datetime(6) NOT NULL, "updated_at" datetime(6) NOT NULL)[0m
  [1m[35m (0.0ms)[0m  [1m[35mDROP TABLE IF EXISTS "portunus_data_encryption_keys"[0m
  [1m[35m (0.1ms)[0m  [1m[35mCREATE TABLE "portunus_data_encryption_keys" ("id" integer PRIMARY KEY AUTOINCREMENT NOT NULL, "encrypted_key" varchar NOT NULL, "master_keyname" varchar NOT NULL, "encryptable_type" varchar NOT NULL, "encryptable_id" integer NOT NULL, "created_at" datetime(6) NOT NULL, "updated_at" datetime(6) NOT NULL, "last_dek_rotation" datetime(6), "last_kek_rotation" datetime(6))[0m
  [1m[35m (0.1ms)[0m  [1m[35mCREATE UNIQUE INDEX "portunus_dek_on_encryptable_id_and_encryptable_type" ON "portunus_data_encryption_keys" ("encryptable_id", "encryptable_type")[0m
  [1m[35m (0.1ms)[0m  [1m[35mCREATE TABLE "ar_internal_metadata" ("key" varchar NOT NULL PRIMARY KEY, "value" varchar, "created_at" datetime(6) NOT NULL, "updated_at" datetime(6) NOT NULL)[0m
  [1m[36mActiveRecord::InternalMetadata Load (0.1ms)[0m  [1m[34mSELECT "ar_internal_metadata".* FROM "ar_internal_metadata" WHERE "ar_internal_metadata"."key" = ? LIMIT ?[0m  [["key", "environment"], ["LIMIT", 1]]
  [1m[35m (0.0ms)[0m  [1m[36mbegin transaction[0m
  [1m[36mActiveRecord::InternalMetadata Create (0.1ms)[0m  [1m[32mINSERT INTO "ar_internal_metadata" ("key", "value", "created_at", "updated_at") VALUES (?, ?, ?, ?)[0m  [["key", "environment"], ["value", "development"], ["created_at", "2020-03-11 08:43:32.426461"], ["updated_at", "2020-03-11 08:43:32.426461"]]
  [1m[35m (0.0ms)[0m  [1m[36mcommit transaction[0m
  [1m[35m (0.8ms)[0m  [1m[34mSELECT sqlite_version(*)[0m
  [1m[35m (0.0ms)[0m  [1m[35mDROP TABLE IF EXISTS "users"[0m
  [1m[35m (0.2ms)[0m  [1m[35mCREATE TABLE "users" ("id" integer PRIMARY KEY AUTOINCREMENT NOT NULL, "email" varchar NOT NULL, "firstname" varchar NOT NULL, "lastname" varchar NOT NULL, "created_at" datetime(6) NOT NULL, "updated_at" datetime(6) NOT NULL)[0m
  [1m[35m (0.0ms)[0m  [1m[35mDROP TABLE IF EXISTS "portunus_data_encryption_keys"[0m
  [1m[35m (0.1ms)[0m  [1m[35mCREATE TABLE "portunus_data_encryption_keys" ("id" integer PRIMARY KEY AUTOINCREMENT NOT NULL, "encrypted_key" varchar NOT NULL, "master_keyname" varchar NOT NULL, "encryptable_type" varchar NOT NULL, "encryptable_id" integer NOT NULL, "created_at" datetime(6) NOT NULL, "updated_at" datetime(6) NOT NULL, "last_dek_rotation" datetime(6), "last_kek_rotation" datetime(6))[0m
  [1m[35m (0.1ms)[0m  [1m[35mCREATE UNIQUE INDEX "portunus_dek_on_encryptable_id_and_encryptable_type" ON "portunus_data_encryption_keys" ("encryptable_id", "encryptable_type")[0m
  [1m[35m (0.1ms)[0m  [1m[35mCREATE TABLE "ar_internal_metadata" ("key" varchar NOT NULL PRIMARY KEY, "value" varchar, "created_at" datetime(6) NOT NULL, "updated_at" datetime(6) NOT NULL)[0m
  [1m[36mActiveRecord::InternalMetadata Load (0.1ms)[0m  [1m[34mSELECT "ar_internal_metadata".* FROM "ar_internal_metadata" WHERE "ar_internal_metadata"."key" = ? LIMIT ?[0m  [["key", "environment"], ["LIMIT", 1]]
  [1m[35m (0.0ms)[0m  [1m[36mbegin transaction[0m
  [1m[36mActiveRecord::InternalMetadata Create (0.0ms)[0m  [1m[32mINSERT INTO "ar_internal_metadata" ("key", "value", "created_at", "updated_at") VALUES (?, ?, ?, ?)[0m  [["key", "environment"], ["value", "development"], ["created_at", "2020-03-11 08:47:04.655169"], ["updated_at", "2020-03-11 08:47:04.655169"]]
  [1m[35m (0.0ms)[0m  [1m[36mcommit transaction[0m
  [1m[35m (0.8ms)[0m  [1m[34mSELECT sqlite_version(*)[0m
  [1m[35m (0.0ms)[0m  [1m[35mDROP TABLE IF EXISTS "users"[0m
  [1m[35m (0.2ms)[0m  [1m[35mCREATE TABLE "users" ("id" integer PRIMARY KEY AUTOINCREMENT NOT NULL, "email" varchar NOT NULL, "firstname" varchar NOT NULL, "lastname" varchar NOT NULL, "created_at" datetime(6) NOT NULL, "updated_at" datetime(6) NOT NULL)[0m
  [1m[35m (0.0ms)[0m  [1m[35mDROP TABLE IF EXISTS "portunus_data_encryption_keys"[0m
  [1m[35m (0.1ms)[0m  [1m[35mCREATE TABLE "portunus_data_encryption_keys" ("id" integer PRIMARY KEY AUTOINCREMENT NOT NULL, "encrypted_key" varchar NOT NULL, "master_keyname" varchar NOT NULL, "encryptable_type" varchar NOT NULL, "encryptable_id" integer NOT NULL, "created_at" datetime(6) NOT NULL, "updated_at" datetime(6) NOT NULL, "last_dek_rotation" datetime(6), "last_kek_rotation" datetime(6))[0m
  [1m[35m (0.1ms)[0m  [1m[35mCREATE UNIQUE INDEX "portunus_dek_on_encryptable_id_and_encryptable_type" ON "portunus_data_encryption_keys" ("encryptable_id", "encryptable_type")[0m
  [1m[35m (0.1ms)[0m  [1m[35mCREATE TABLE "ar_internal_metadata" ("key" varchar NOT NULL PRIMARY KEY, "value" varchar, "created_at" datetime(6) NOT NULL, "updated_at" datetime(6) NOT NULL)[0m
  [1m[36mActiveRecord::InternalMetadata Load (0.1ms)[0m  [1m[34mSELECT "ar_internal_metadata".* FROM "ar_internal_metadata" WHERE "ar_internal_metadata"."key" = ? LIMIT ?[0m  [["key", "environment"], ["LIMIT", 1]]
  [1m[35m (0.0ms)[0m  [1m[36mbegin transaction[0m
  [1m[36mActiveRecord::InternalMetadata Create (0.1ms)[0m  [1m[32mINSERT INTO "ar_internal_metadata" ("key", "value", "created_at", "updated_at") VALUES (?, ?, ?, ?)[0m  [["key", "environment"], ["value", "development"], ["created_at", "2020-03-11 08:52:52.880080"], ["updated_at", "2020-03-11 08:52:52.880080"]]
  [1m[35m (0.0ms)[0m  [1m[36mcommit transaction[0m
  [1m[35m (0.8ms)[0m  [1m[34mSELECT sqlite_version(*)[0m
  [1m[35m (0.0ms)[0m  [1m[35mDROP TABLE IF EXISTS "users"[0m
  [1m[35m (0.2ms)[0m  [1m[35mCREATE TABLE "users" ("id" integer PRIMARY KEY AUTOINCREMENT NOT NULL, "email" varchar NOT NULL, "firstname" varchar NOT NULL, "lastname" varchar NOT NULL, "created_at" datetime(6) NOT NULL, "updated_at" datetime(6) NOT NULL)[0m
  [1m[35m (0.0ms)[0m  [1m[35mDROP TABLE IF EXISTS "portunus_data_encryption_keys"[0m
  [1m[35m (0.1ms)[0m  [1m[35mCREATE TABLE "portunus_data_encryption_keys" ("id" integer PRIMARY KEY AUTOINCREMENT NOT NULL, "encrypted_key" varchar NOT NULL, "master_keyname" varchar NOT NULL, "encryptable_type" varchar NOT NULL, "encryptable_id" integer NOT NULL, "created_at" datetime(6) NOT NULL, "updated_at" datetime(6) NOT NULL, "last_dek_rotation" datetime(6), "last_kek_rotation" datetime(6))[0m
  [1m[35m (0.1ms)[0m  [1m[35mCREATE UNIQUE INDEX "portunus_dek_on_encryptable_id_and_encryptable_type" ON "portunus_data_encryption_keys" ("encryptable_id", "encryptable_type")[0m
  [1m[35m (0.1ms)[0m  [1m[35mCREATE TABLE "ar_internal_metadata" ("key" varchar NOT NULL PRIMARY KEY, "value" varchar, "created_at" datetime(6) NOT NULL, "updated_at" datetime(6) NOT NULL)[0m
  [1m[36mActiveRecord::InternalMetadata Load (0.2ms)[0m  [1m[34mSELECT "ar_internal_metadata".* FROM "ar_internal_metadata" WHERE "ar_internal_metadata"."key" = ? LIMIT ?[0m  [["key", "environment"], ["LIMIT", 1]]
  [1m[35m (0.0ms)[0m  [1m[36mbegin transaction[0m
  [1m[36mActiveRecord::InternalMetadata Create (0.1ms)[0m  [1m[32mINSERT INTO "ar_internal_metadata" ("key", "value", "created_at", "updated_at") VALUES (?, ?, ?, ?)[0m  [["key", "environment"], ["value", "development"], ["created_at", "2020-03-11 08:53:36.573056"], ["updated_at", "2020-03-11 08:53:36.573056"]]
  [1m[35m (0.0ms)[0m  [1m[36mcommit transaction[0m
  [1m[35m (1.1ms)[0m  [1m[34mSELECT sqlite_version(*)[0m
  [1m[35m (0.1ms)[0m  [1m[35mDROP TABLE IF EXISTS "users"[0m
  [1m[35m (0.3ms)[0m  [1m[35mCREATE TABLE "users" ("id" integer PRIMARY KEY AUTOINCREMENT NOT NULL, "email" varchar NOT NULL, "firstname" varchar NOT NULL, "lastname" varchar NOT NULL, "created_at" datetime(6) NOT NULL, "updated_at" datetime(6) NOT NULL)[0m
  [1m[35m (0.0ms)[0m  [1m[35mDROP TABLE IF EXISTS "portunus_data_encryption_keys"[0m
  [1m[35m (0.1ms)[0m  [1m[35mCREATE TABLE "portunus_data_encryption_keys" ("id" integer PRIMARY KEY AUTOINCREMENT NOT NULL, "encrypted_key" varchar NOT NULL, "master_keyname" varchar NOT NULL, "encryptable_type" varchar NOT NULL, "encryptable_id" integer NOT NULL, "created_at" datetime(6) NOT NULL, "updated_at" datetime(6) NOT NULL, "last_dek_rotation" datetime(6), "last_kek_rotation" datetime(6))[0m
  [1m[35m (0.1ms)[0m  [1m[35mCREATE UNIQUE INDEX "portunus_dek_on_encryptable_id_and_encryptable_type" ON "portunus_data_encryption_keys" ("encryptable_id", "encryptable_type")[0m
  [1m[35m (0.1ms)[0m  [1m[35mCREATE TABLE "ar_internal_metadata" ("key" varchar NOT NULL PRIMARY KEY, "value" varchar, "created_at" datetime(6) NOT NULL, "updated_at" datetime(6) NOT NULL)[0m
  [1m[36mActiveRecord::InternalMetadata Load (0.1ms)[0m  [1m[34mSELECT "ar_internal_metadata".* FROM "ar_internal_metadata" WHERE "ar_internal_metadata"."key" = ? LIMIT ?[0m  [["key", "environment"], ["LIMIT", 1]]
  [1m[35m (0.0ms)[0m  [1m[36mbegin transaction[0m
  [1m[36mActiveRecord::InternalMetadata Create (0.1ms)[0m  [1m[32mINSERT INTO "ar_internal_metadata" ("key", "value", "created_at", "updated_at") VALUES (?, ?, ?, ?)[0m  [["key", "environment"], ["value", "development"], ["created_at", "2020-03-11 08:56:39.133706"], ["updated_at", "2020-03-11 08:56:39.133706"]]
  [1m[35m (0.0ms)[0m  [1m[36mcommit transaction[0m
  [1m[35m (0.9ms)[0m  [1m[34mSELECT sqlite_version(*)[0m
  [1m[35m (0.1ms)[0m  [1m[35mDROP TABLE IF EXISTS "users"[0m
  [1m[35m (0.2ms)[0m  [1m[35mCREATE TABLE "users" ("id" integer PRIMARY KEY AUTOINCREMENT NOT NULL, "email" varchar NOT NULL, "firstname" varchar NOT NULL, "lastname" varchar NOT NULL, "created_at" datetime(6) NOT NULL, "updated_at" datetime(6) NOT NULL)[0m
  [1m[35m (0.0ms)[0m  [1m[35mDROP TABLE IF EXISTS "portunus_data_encryption_keys"[0m
  [1m[35m (0.1ms)[0m  [1m[35mCREATE TABLE "portunus_data_encryption_keys" ("id" integer PRIMARY KEY AUTOINCREMENT NOT NULL, "encrypted_key" varchar NOT NULL, "master_keyname" varchar NOT NULL, "encryptable_type" varchar NOT NULL, "encryptable_id" integer NOT NULL, "created_at" datetime(6) NOT NULL, "updated_at" datetime(6) NOT NULL, "last_dek_rotation" datetime(6), "last_kek_rotation" datetime(6))[0m
  [1m[35m (0.1ms)[0m  [1m[35mCREATE UNIQUE INDEX "portunus_dek_on_encryptable_id_and_encryptable_type" ON "portunus_data_encryption_keys" ("encryptable_id", "encryptable_type")[0m
  [1m[35m (0.2ms)[0m  [1m[35mCREATE TABLE "ar_internal_metadata" ("key" varchar NOT NULL PRIMARY KEY, "value" varchar, "created_at" datetime(6) NOT NULL, "updated_at" datetime(6) NOT NULL)[0m
  [1m[36mActiveRecord::InternalMetadata Load (0.2ms)[0m  [1m[34mSELECT "ar_internal_metadata".* FROM "ar_internal_metadata" WHERE "ar_internal_metadata"."key" = ? LIMIT ?[0m  [["key", "environment"], ["LIMIT", 1]]
  [1m[35m (0.1ms)[0m  [1m[36mbegin transaction[0m
  [1m[36mActiveRecord::InternalMetadata Create (0.1ms)[0m  [1m[32mINSERT INTO "ar_internal_metadata" ("key", "value", "created_at", "updated_at") VALUES (?, ?, ?, ?)[0m  [["key", "environment"], ["value", "development"], ["created_at", "2020-03-11 08:56:53.731107"], ["updated_at", "2020-03-11 08:56:53.731107"]]
  [1m[35m (0.0ms)[0m  [1m[36mcommit transaction[0m
  [1m[35m (0.9ms)[0m  [1m[34mSELECT sqlite_version(*)[0m
  [1m[35m (0.1ms)[0m  [1m[35mDROP TABLE IF EXISTS "users"[0m
  [1m[35m (0.2ms)[0m  [1m[35mCREATE TABLE "users" ("id" integer PRIMARY KEY AUTOINCREMENT NOT NULL, "email" varchar NOT NULL, "firstname" varchar NOT NULL, "lastname" varchar NOT NULL, "created_at" datetime(6) NOT NULL, "updated_at" datetime(6) NOT NULL)[0m
  [1m[35m (0.0ms)[0m  [1m[35mDROP TABLE IF EXISTS "portunus_data_encryption_keys"[0m
  [1m[35m (0.1ms)[0m  [1m[35mCREATE TABLE "portunus_data_encryption_keys" ("id" integer PRIMARY KEY AUTOINCREMENT NOT NULL, "encrypted_key" varchar NOT NULL, "master_keyname" varchar NOT NULL, "encryptable_type" varchar NOT NULL, "encryptable_id" integer NOT NULL, "created_at" datetime(6) NOT NULL, "updated_at" datetime(6) NOT NULL, "last_dek_rotation" datetime(6), "last_kek_rotation" datetime(6))[0m
  [1m[35m (0.1ms)[0m  [1m[35mCREATE UNIQUE INDEX "portunus_dek_on_encryptable_id_and_encryptable_type" ON "portunus_data_encryption_keys" ("encryptable_id", "encryptable_type")[0m
  [1m[35m (0.1ms)[0m  [1m[35mCREATE TABLE "ar_internal_metadata" ("key" varchar NOT NULL PRIMARY KEY, "value" varchar, "created_at" datetime(6) NOT NULL, "updated_at" datetime(6) NOT NULL)[0m
  [1m[36mActiveRecord::InternalMetadata Load (0.1ms)[0m  [1m[34mSELECT "ar_internal_metadata".* FROM "ar_internal_metadata" WHERE "ar_internal_metadata"."key" = ? LIMIT ?[0m  [["key", "environment"], ["LIMIT", 1]]
  [1m[35m (0.0ms)[0m  [1m[36mbegin transaction[0m
  [1m[36mActiveRecord::InternalMetadata Create (0.1ms)[0m  [1m[32mINSERT INTO "ar_internal_metadata" ("key", "value", "created_at", "updated_at") VALUES (?, ?, ?, ?)[0m  [["key", "environment"], ["value", "development"], ["created_at", "2020-03-11 08:57:53.324544"], ["updated_at", "2020-03-11 08:57:53.324544"]]
  [1m[35m (0.0ms)[0m  [1m[36mcommit transaction[0m
